Jan 31 2014 22:58:55 GMT: TRACE(7566) [put.cc:107] [prepare] - Node.js Callback Registered
Jan 31 2014 22:58:55 GMT: TRACE(7566) [conversions.cc:789] [key_from_jsobject] - key.ns = "test"
Jan 31 2014 22:58:55 GMT: TRACE(7566) [conversions.cc:807] [key_from_jsobject] - key.set = "demo"
Jan 31 2014 22:58:55 GMT: TRACE(7566) [conversions.cc:823] [key_from_jsobject] - key.key = "abc"
Jan 31 2014 22:58:55 GMT: DEBUG(7566) [put.cc:171] [prepare] - Argument list does not contain writepolicy, default writepolicy will be used
Jan 31 2014 22:58:55 GMT: DEBUG(7566) [put.cc:175] [prepare] - Parsing node.js Data Structures : Success
Jan 31 2014 22:58:55 GMT: DEBUG(7566) [get.cc:232] [respond] - Invoked Get callback
Jan 31 2014 22:58:55 GMT: DEBUG(7566) [get.cc:249] [respond] - Cleaned up the structures
Jan 31 2014 22:58:55 GMT: DEBUG(7566) [put.cc:211] [execute] - Invoking aerospike put with
Jan 31 2014 22:58:55 GMT: DEBUG(7566) [put.cc:239] [respond] - Put operation : response is
Jan 31 2014 22:58:55 GMT: DEBUG(7566) [conversions.cc:724] [key_to_jsobject] - key.ns = "test"
Jan 31 2014 22:58:55 GMT: DEBUG(7566) [conversions.cc:729] [key_to_jsobject] - key.set = "demo"
Jan 31 2014 22:58:55 GMT: DEBUG(7566) [conversions.cc:745] [key_to_jsobject] - key.key = "abc"
Jan 31 2014 22:58:55 GMT: TRACE(7566) [get.cc:99] [prepare] - Node.js callback registered
Jan 31 2014 22:58:55 GMT: TRACE(7566) [conversions.cc:789] [key_from_jsobject] - key.ns = "test"
Jan 31 2014 22:58:55 GMT: TRACE(7566) [conversions.cc:807] [key_from_jsobject] - key.set = "demo"
Jan 31 2014 22:58:55 GMT: TRACE(7566) [conversions.cc:823] [key_from_jsobject] - key.key = "abc"
Jan 31 2014 22:58:55 GMT: TRACE(7566) [get.cc:135] [prepare] - Argument list does not contain read policy, using default values for read policy
Jan 31 2014 22:58:55 GMT: DEBUG(7566) [put.cc:262] [respond] - Invoked Put callback
Jan 31 2014 22:58:55 GMT: DEBUG(7566) [put.cc:279] [respond] - Cleaned up record and key structures
Jan 31 2014 22:58:55 GMT: DEBUG(7566) [get.cc:178] [execute] - Invoking get with 
Jan 31 2014 22:58:55 GMT: DEBUG(7566) [get.cc:206] [respond] - Get operations' the response is
Jan 31 2014 22:58:55 GMT: TRACE(7566) [conversions.cc:340] [val_to_jsvalue] - value = 3 
Jan 31 2014 22:58:55 GMT: TRACE(7566) [conversions.cc:417] [recordmeta_to_jsobject] - TTL of the record 10
Jan 31 2014 22:58:55 GMT: TRACE(7566) [conversions.cc:419] [recordmeta_to_jsobject] - Gen of the record 3
Jan 31 2014 22:58:55 GMT: DEBUG(7566) [conversions.cc:724] [key_to_jsobject] - key.ns = "test"
Jan 31 2014 22:58:55 GMT: DEBUG(7566) [conversions.cc:729] [key_to_jsobject] - key.set = "demo"
Jan 31 2014 22:58:55 GMT: DEBUG(7566) [conversions.cc:745] [key_to_jsobject] - key.key = "abc"
Jan 31 2014 22:59:02 GMT: TRACE(7573) [put.cc:107] [prepare] - Node.js Callback Registered
Jan 31 2014 22:59:02 GMT: TRACE(7573) [conversions.cc:789] [key_from_jsobject] - key.ns = "test"
Jan 31 2014 22:59:02 GMT: TRACE(7573) [conversions.cc:807] [key_from_jsobject] - key.set = "demo"
Jan 31 2014 22:59:02 GMT: TRACE(7573) [conversions.cc:823] [key_from_jsobject] - key.key = "abc"
Jan 31 2014 22:59:02 GMT: DEBUG(7573) [put.cc:171] [prepare] - Argument list does not contain writepolicy, default writepolicy will be used
Jan 31 2014 22:59:02 GMT: DEBUG(7573) [put.cc:175] [prepare] - Parsing node.js Data Structures : Success
Jan 31 2014 22:59:02 GMT: DEBUG(7573) [get.cc:232] [respond] - Invoked Get callback
Jan 31 2014 22:59:02 GMT: DEBUG(7573) [get.cc:249] [respond] - Cleaned up the structures
Jan 31 2014 22:59:02 GMT: DEBUG(7573) [put.cc:211] [execute] - Invoking aerospike put with
Jan 31 2014 22:59:02 GMT: DEBUG(7573) [put.cc:239] [respond] - Put operation : response is
Jan 31 2014 22:59:02 GMT: DEBUG(7573) [conversions.cc:724] [key_to_jsobject] - key.ns = "test"
Jan 31 2014 22:59:02 GMT: DEBUG(7573) [conversions.cc:729] [key_to_jsobject] - key.set = "demo"
Jan 31 2014 22:59:02 GMT: DEBUG(7573) [conversions.cc:745] [key_to_jsobject] - key.key = "abc"
Jan 31 2014 22:59:02 GMT: TRACE(7573) [get.cc:99] [prepare] - Node.js callback registered
Jan 31 2014 22:59:02 GMT: TRACE(7573) [conversions.cc:789] [key_from_jsobject] - key.ns = "test"
Jan 31 2014 22:59:02 GMT: TRACE(7573) [conversions.cc:807] [key_from_jsobject] - key.set = "demo"
Jan 31 2014 22:59:02 GMT: TRACE(7573) [conversions.cc:823] [key_from_jsobject] - key.key = "abc"
Jan 31 2014 22:59:02 GMT: TRACE(7573) [get.cc:135] [prepare] - Argument list does not contain read policy, using default values for read policy
Jan 31 2014 22:59:02 GMT: DEBUG(7573) [put.cc:262] [respond] - Invoked Put callback
Jan 31 2014 22:59:02 GMT: DEBUG(7573) [put.cc:279] [respond] - Cleaned up record and key structures
Jan 31 2014 22:59:02 GMT: DEBUG(7573) [get.cc:178] [execute] - Invoking get with 
Jan 31 2014 22:59:02 GMT: DEBUG(7573) [get.cc:206] [respond] - Get operations' the response is
Jan 31 2014 22:59:02 GMT: TRACE(7573) [conversions.cc:340] [val_to_jsvalue] - value = 3 
Jan 31 2014 22:59:02 GMT: TRACE(7573) [conversions.cc:417] [recordmeta_to_jsobject] - TTL of the record 10
Jan 31 2014 22:59:02 GMT: TRACE(7573) [conversions.cc:419] [recordmeta_to_jsobject] - Gen of the record 7
Jan 31 2014 22:59:02 GMT: DEBUG(7573) [conversions.cc:724] [key_to_jsobject] - key.ns = "test"
Jan 31 2014 22:59:02 GMT: DEBUG(7573) [conversions.cc:729] [key_to_jsobject] - key.set = "demo"
Jan 31 2014 22:59:02 GMT: DEBUG(7573) [conversions.cc:745] [key_to_jsobject] - key.key = "abc"
Jan 31 2014 22:59:05 GMT: TRACE(7598) [put.cc:107] [prepare] - Node.js Callback Registered
Jan 31 2014 22:59:05 GMT: TRACE(7598) [conversions.cc:789] [key_from_jsobject] - key.ns = "test"
Jan 31 2014 22:59:05 GMT: TRACE(7598) [conversions.cc:807] [key_from_jsobject] - key.set = "demo"
Jan 31 2014 22:59:05 GMT: TRACE(7598) [conversions.cc:823] [key_from_jsobject] - key.key = "abc"
Jan 31 2014 22:59:05 GMT: DEBUG(7598) [put.cc:171] [prepare] - Argument list does not contain writepolicy, default writepolicy will be used
Jan 31 2014 22:59:05 GMT: DEBUG(7598) [put.cc:175] [prepare] - Parsing node.js Data Structures : Success
Jan 31 2014 22:59:05 GMT: DEBUG(7598) [get.cc:232] [respond] - Invoked Get callback
Jan 31 2014 22:59:05 GMT: DEBUG(7598) [get.cc:249] [respond] - Cleaned up the structures
Jan 31 2014 22:59:05 GMT: DEBUG(7598) [put.cc:211] [execute] - Invoking aerospike put with
Jan 31 2014 22:59:05 GMT: DEBUG(7598) [put.cc:239] [respond] - Put operation : response is
Jan 31 2014 22:59:05 GMT: DEBUG(7598) [conversions.cc:724] [key_to_jsobject] - key.ns = "test"
Jan 31 2014 22:59:05 GMT: DEBUG(7598) [conversions.cc:729] [key_to_jsobject] - key.set = "demo"
Jan 31 2014 22:59:05 GMT: DEBUG(7598) [conversions.cc:745] [key_to_jsobject] - key.key = "abc"
Jan 31 2014 22:59:05 GMT: TRACE(7598) [get.cc:99] [prepare] - Node.js callback registered
Jan 31 2014 22:59:05 GMT: TRACE(7598) [conversions.cc:789] [key_from_jsobject] - key.ns = "test"
Jan 31 2014 22:59:05 GMT: TRACE(7598) [conversions.cc:807] [key_from_jsobject] - key.set = "demo"
Jan 31 2014 22:59:05 GMT: TRACE(7598) [conversions.cc:823] [key_from_jsobject] - key.key = "abc"
Jan 31 2014 22:59:05 GMT: TRACE(7598) [get.cc:135] [prepare] - Argument list does not contain read policy, using default values for read policy
Jan 31 2014 22:59:05 GMT: DEBUG(7598) [put.cc:262] [respond] - Invoked Put callback
Jan 31 2014 22:59:05 GMT: DEBUG(7598) [put.cc:279] [respond] - Cleaned up record and key structures
Jan 31 2014 22:59:05 GMT: DEBUG(7598) [get.cc:178] [execute] - Invoking get with 
Jan 31 2014 22:59:05 GMT: DEBUG(7598) [get.cc:206] [respond] - Get operations' the response is
Jan 31 2014 22:59:05 GMT: TRACE(7598) [conversions.cc:340] [val_to_jsvalue] - value = 3 
Jan 31 2014 22:59:05 GMT: TRACE(7598) [conversions.cc:417] [recordmeta_to_jsobject] - TTL of the record 10
Jan 31 2014 22:59:05 GMT: TRACE(7598) [conversions.cc:419] [recordmeta_to_jsobject] - Gen of the record 11
Jan 31 2014 22:59:05 GMT: DEBUG(7598) [conversions.cc:724] [key_to_jsobject] - key.ns = "test"
Jan 31 2014 22:59:05 GMT: DEBUG(7598) [conversions.cc:729] [key_to_jsobject] - key.set = "demo"
Jan 31 2014 22:59:05 GMT: DEBUG(7598) [conversions.cc:745] [key_to_jsobject] - key.key = "abc"
Jan 31 2014 22:59:08 GMT: TRACE(7605) [put.cc:107] [prepare] - Node.js Callback Registered
Jan 31 2014 22:59:08 GMT: TRACE(7605) [conversions.cc:789] [key_from_jsobject] - key.ns = "test"
Jan 31 2014 22:59:08 GMT: TRACE(7605) [conversions.cc:807] [key_from_jsobject] - key.set = "demo"
Jan 31 2014 22:59:08 GMT: TRACE(7605) [conversions.cc:823] [key_from_jsobject] - key.key = "abc"
Jan 31 2014 22:59:08 GMT: DEBUG(7605) [put.cc:171] [prepare] - Argument list does not contain writepolicy, default writepolicy will be used
Jan 31 2014 22:59:08 GMT: DEBUG(7605) [put.cc:175] [prepare] - Parsing node.js Data Structures : Success
Jan 31 2014 22:59:08 GMT: DEBUG(7605) [get.cc:232] [respond] - Invoked Get callback
Jan 31 2014 22:59:08 GMT: DEBUG(7605) [get.cc:249] [respond] - Cleaned up the structures
Jan 31 2014 22:59:08 GMT: DEBUG(7605) [put.cc:211] [execute] - Invoking aerospike put with
Jan 31 2014 22:59:08 GMT: DEBUG(7605) [put.cc:239] [respond] - Put operation : response is
Jan 31 2014 22:59:08 GMT: DEBUG(7605) [conversions.cc:724] [key_to_jsobject] - key.ns = "test"
Jan 31 2014 22:59:08 GMT: DEBUG(7605) [conversions.cc:729] [key_to_jsobject] - key.set = "demo"
Jan 31 2014 22:59:08 GMT: DEBUG(7605) [conversions.cc:745] [key_to_jsobject] - key.key = "abc"
Jan 31 2014 22:59:08 GMT: TRACE(7605) [get.cc:99] [prepare] - Node.js callback registered
Jan 31 2014 22:59:08 GMT: TRACE(7605) [conversions.cc:789] [key_from_jsobject] - key.ns = "test"
Jan 31 2014 22:59:08 GMT: TRACE(7605) [conversions.cc:807] [key_from_jsobject] - key.set = "demo"
Jan 31 2014 22:59:08 GMT: TRACE(7605) [conversions.cc:823] [key_from_jsobject] - key.key = "abc"
Jan 31 2014 22:59:08 GMT: TRACE(7605) [get.cc:135] [prepare] - Argument list does not contain read policy, using default values for read policy
Jan 31 2014 22:59:08 GMT: DEBUG(7605) [put.cc:262] [respond] - Invoked Put callback
Jan 31 2014 22:59:08 GMT: DEBUG(7605) [put.cc:279] [respond] - Cleaned up record and key structures
Jan 31 2014 22:59:08 GMT: DEBUG(7605) [get.cc:178] [execute] - Invoking get with 
Jan 31 2014 22:59:08 GMT: DEBUG(7605) [get.cc:206] [respond] - Get operations' the response is
Jan 31 2014 22:59:08 GMT: TRACE(7605) [conversions.cc:340] [val_to_jsvalue] - value = 3 
Jan 31 2014 22:59:08 GMT: TRACE(7605) [conversions.cc:417] [recordmeta_to_jsobject] - TTL of the record 10
Jan 31 2014 22:59:08 GMT: TRACE(7605) [conversions.cc:419] [recordmeta_to_jsobject] - Gen of the record 15
Jan 31 2014 22:59:08 GMT: DEBUG(7605) [conversions.cc:724] [key_to_jsobject] - key.ns = "test"
Jan 31 2014 22:59:08 GMT: DEBUG(7605) [conversions.cc:729] [key_to_jsobject] - key.set = "demo"
Jan 31 2014 22:59:08 GMT: DEBUG(7605) [conversions.cc:745] [key_to_jsobject] - key.key = "abc"
Jan 31 2014 22:59:16 GMT: TRACE(7612) [put.cc:107] [prepare] - Node.js Callback Registered
Jan 31 2014 22:59:16 GMT: TRACE(7612) [conversions.cc:789] [key_from_jsobject] - key.ns = "test"
Jan 31 2014 22:59:16 GMT: TRACE(7612) [conversions.cc:807] [key_from_jsobject] - key.set = "demo"
Jan 31 2014 22:59:16 GMT: TRACE(7612) [conversions.cc:823] [key_from_jsobject] - key.key = "abc"
Jan 31 2014 22:59:16 GMT: DEBUG(7612) [put.cc:171] [prepare] - Argument list does not contain writepolicy, default writepolicy will be used
Jan 31 2014 22:59:16 GMT: DEBUG(7612) [put.cc:175] [prepare] - Parsing node.js Data Structures : Success
Jan 31 2014 22:59:16 GMT: DEBUG(7612) [get.cc:232] [respond] - Invoked Get callback
Jan 31 2014 22:59:16 GMT: DEBUG(7612) [get.cc:249] [respond] - Cleaned up the structures
Jan 31 2014 22:59:16 GMT: DEBUG(7612) [put.cc:211] [execute] - Invoking aerospike put with
Jan 31 2014 22:59:16 GMT: DEBUG(7612) [put.cc:239] [respond] - Put operation : response is
Jan 31 2014 22:59:16 GMT: DEBUG(7612) [conversions.cc:724] [key_to_jsobject] - key.ns = "test"
Jan 31 2014 22:59:16 GMT: DEBUG(7612) [conversions.cc:729] [key_to_jsobject] - key.set = "demo"
Jan 31 2014 22:59:16 GMT: DEBUG(7612) [conversions.cc:745] [key_to_jsobject] - key.key = "abc"
Jan 31 2014 22:59:16 GMT: TRACE(7612) [get.cc:99] [prepare] - Node.js callback registered
Jan 31 2014 22:59:16 GMT: TRACE(7612) [conversions.cc:789] [key_from_jsobject] - key.ns = "test"
Jan 31 2014 22:59:16 GMT: TRACE(7612) [conversions.cc:807] [key_from_jsobject] - key.set = "demo"
Jan 31 2014 22:59:16 GMT: TRACE(7612) [conversions.cc:823] [key_from_jsobject] - key.key = "abc"
Jan 31 2014 22:59:16 GMT: TRACE(7612) [get.cc:135] [prepare] - Argument list does not contain read policy, using default values for read policy
Jan 31 2014 22:59:16 GMT: DEBUG(7612) [put.cc:262] [respond] - Invoked Put callback
Jan 31 2014 22:59:16 GMT: DEBUG(7612) [put.cc:279] [respond] - Cleaned up record and key structures
Jan 31 2014 22:59:16 GMT: DEBUG(7612) [get.cc:178] [execute] - Invoking get with 
Jan 31 2014 22:59:16 GMT: DEBUG(7612) [get.cc:206] [respond] - Get operations' the response is
Jan 31 2014 22:59:16 GMT: TRACE(7612) [conversions.cc:340] [val_to_jsvalue] - value = 3 
Jan 31 2014 22:59:16 GMT: TRACE(7612) [conversions.cc:417] [recordmeta_to_jsobject] - TTL of the record 10
Jan 31 2014 22:59:16 GMT: TRACE(7612) [conversions.cc:419] [recordmeta_to_jsobject] - Gen of the record 19
Jan 31 2014 22:59:16 GMT: DEBUG(7612) [conversions.cc:724] [key_to_jsobject] - key.ns = "test"
Jan 31 2014 22:59:16 GMT: DEBUG(7612) [conversions.cc:729] [key_to_jsobject] - key.set = "demo"
Jan 31 2014 22:59:16 GMT: DEBUG(7612) [conversions.cc:745] [key_to_jsobject] - key.key = "abc"
Jan 31 2014 22:59:19 GMT: TRACE(7619) [put.cc:107] [prepare] - Node.js Callback Registered
Jan 31 2014 22:59:19 GMT: TRACE(7619) [conversions.cc:789] [key_from_jsobject] - key.ns = "test"
Jan 31 2014 22:59:19 GMT: TRACE(7619) [conversions.cc:807] [key_from_jsobject] - key.set = "demo"
Jan 31 2014 22:59:19 GMT: TRACE(7619) [conversions.cc:823] [key_from_jsobject] - key.key = "abc"
Jan 31 2014 22:59:19 GMT: DEBUG(7619) [put.cc:171] [prepare] - Argument list does not contain writepolicy, default writepolicy will be used
Jan 31 2014 22:59:19 GMT: DEBUG(7619) [put.cc:175] [prepare] - Parsing node.js Data Structures : Success
Jan 31 2014 22:59:19 GMT: DEBUG(7619) [get.cc:232] [respond] - Invoked Get callback
Jan 31 2014 22:59:19 GMT: DEBUG(7619) [get.cc:249] [respond] - Cleaned up the structures
Jan 31 2014 22:59:19 GMT: DEBUG(7619) [put.cc:211] [execute] - Invoking aerospike put with
Jan 31 2014 22:59:19 GMT: DEBUG(7619) [put.cc:239] [respond] - Put operation : response is
Jan 31 2014 22:59:19 GMT: DEBUG(7619) [conversions.cc:724] [key_to_jsobject] - key.ns = "test"
Jan 31 2014 22:59:19 GMT: DEBUG(7619) [conversions.cc:729] [key_to_jsobject] - key.set = "demo"
Jan 31 2014 22:59:19 GMT: DEBUG(7619) [conversions.cc:745] [key_to_jsobject] - key.key = "abc"
Jan 31 2014 22:59:19 GMT: TRACE(7619) [get.cc:99] [prepare] - Node.js callback registered
Jan 31 2014 22:59:19 GMT: TRACE(7619) [conversions.cc:789] [key_from_jsobject] - key.ns = "test"
Jan 31 2014 22:59:19 GMT: TRACE(7619) [conversions.cc:807] [key_from_jsobject] - key.set = "demo"
Jan 31 2014 22:59:19 GMT: TRACE(7619) [conversions.cc:823] [key_from_jsobject] - key.key = "abc"
Jan 31 2014 22:59:19 GMT: TRACE(7619) [get.cc:135] [prepare] - Argument list does not contain read policy, using default values for read policy
Jan 31 2014 22:59:19 GMT: DEBUG(7619) [put.cc:262] [respond] - Invoked Put callback
Jan 31 2014 22:59:19 GMT: DEBUG(7619) [put.cc:279] [respond] - Cleaned up record and key structures
Jan 31 2014 22:59:19 GMT: DEBUG(7619) [get.cc:178] [execute] - Invoking get with 
Jan 31 2014 22:59:19 GMT: DEBUG(7619) [get.cc:206] [respond] - Get operations' the response is
Jan 31 2014 22:59:19 GMT: TRACE(7619) [conversions.cc:340] [val_to_jsvalue] - value = 3 
Jan 31 2014 22:59:19 GMT: TRACE(7619) [conversions.cc:417] [recordmeta_to_jsobject] - TTL of the record 10
Jan 31 2014 22:59:19 GMT: TRACE(7619) [conversions.cc:419] [recordmeta_to_jsobject] - Gen of the record 23
Jan 31 2014 22:59:19 GMT: DEBUG(7619) [conversions.cc:724] [key_to_jsobject] - key.ns = "test"
Jan 31 2014 22:59:19 GMT: DEBUG(7619) [conversions.cc:729] [key_to_jsobject] - key.set = "demo"
Jan 31 2014 22:59:19 GMT: DEBUG(7619) [conversions.cc:745] [key_to_jsobject] - key.key = "abc"
Jan 31 2014 22:59:33 GMT: TRACE(7626) [put.cc:107] [prepare] - Node.js Callback Registered
Jan 31 2014 22:59:33 GMT: TRACE(7626) [conversions.cc:789] [key_from_jsobject] - key.ns = "test"
Jan 31 2014 22:59:33 GMT: TRACE(7626) [conversions.cc:807] [key_from_jsobject] - key.set = "demo"
Jan 31 2014 22:59:33 GMT: TRACE(7626) [conversions.cc:823] [key_from_jsobject] - key.key = "abc"
Jan 31 2014 22:59:33 GMT: DEBUG(7626) [put.cc:171] [prepare] - Argument list does not contain writepolicy, default writepolicy will be used
Jan 31 2014 22:59:33 GMT: DEBUG(7626) [put.cc:175] [prepare] - Parsing node.js Data Structures : Success
Jan 31 2014 22:59:33 GMT: DEBUG(7626) [get.cc:232] [respond] - Invoked Get callback
Jan 31 2014 22:59:33 GMT: DEBUG(7626) [get.cc:249] [respond] - Cleaned up the structures
Jan 31 2014 22:59:33 GMT: DEBUG(7626) [put.cc:211] [execute] - Invoking aerospike put with
Jan 31 2014 22:59:33 GMT: DEBUG(7626) [put.cc:239] [respond] - Put operation : response is
Jan 31 2014 22:59:33 GMT: DEBUG(7626) [conversions.cc:724] [key_to_jsobject] - key.ns = "test"
Jan 31 2014 22:59:33 GMT: DEBUG(7626) [conversions.cc:729] [key_to_jsobject] - key.set = "demo"
Jan 31 2014 22:59:33 GMT: DEBUG(7626) [conversions.cc:745] [key_to_jsobject] - key.key = "abc"
Jan 31 2014 22:59:33 GMT: TRACE(7626) [get.cc:99] [prepare] - Node.js callback registered
Jan 31 2014 22:59:33 GMT: TRACE(7626) [conversions.cc:789] [key_from_jsobject] - key.ns = "test"
Jan 31 2014 22:59:33 GMT: TRACE(7626) [conversions.cc:807] [key_from_jsobject] - key.set = "demo"
Jan 31 2014 22:59:33 GMT: TRACE(7626) [conversions.cc:823] [key_from_jsobject] - key.key = "abc"
Jan 31 2014 22:59:33 GMT: TRACE(7626) [get.cc:135] [prepare] - Argument list does not contain read policy, using default values for read policy
Jan 31 2014 22:59:33 GMT: DEBUG(7626) [put.cc:262] [respond] - Invoked Put callback
Jan 31 2014 22:59:33 GMT: DEBUG(7626) [put.cc:279] [respond] - Cleaned up record and key structures
Jan 31 2014 22:59:33 GMT: DEBUG(7626) [get.cc:178] [execute] - Invoking get with 
Jan 31 2014 22:59:33 GMT: DEBUG(7626) [get.cc:206] [respond] - Get operations' the response is
Jan 31 2014 22:59:33 GMT: TRACE(7626) [conversions.cc:340] [val_to_jsvalue] - value = 3 
Jan 31 2014 22:59:33 GMT: TRACE(7626) [conversions.cc:417] [recordmeta_to_jsobject] - TTL of the record 10
Jan 31 2014 22:59:33 GMT: TRACE(7626) [conversions.cc:419] [recordmeta_to_jsobject] - Gen of the record 3
Jan 31 2014 22:59:33 GMT: DEBUG(7626) [conversions.cc:724] [key_to_jsobject] - key.ns = "test"
Jan 31 2014 22:59:33 GMT: DEBUG(7626) [conversions.cc:729] [key_to_jsobject] - key.set = "demo"
Jan 31 2014 22:59:33 GMT: DEBUG(7626) [conversions.cc:745] [key_to_jsobject] - key.key = "abc"
Jan 31 2014 22:59:49 GMT: TRACE(7633) [put.cc:107] [prepare] - Node.js Callback Registered
Jan 31 2014 22:59:49 GMT: TRACE(7633) [conversions.cc:789] [key_from_jsobject] - key.ns = "test"
Jan 31 2014 22:59:49 GMT: TRACE(7633) [conversions.cc:807] [key_from_jsobject] - key.set = "demo"
Jan 31 2014 22:59:49 GMT: TRACE(7633) [conversions.cc:823] [key_from_jsobject] - key.key = "abc"
Jan 31 2014 22:59:49 GMT: DEBUG(7633) [put.cc:171] [prepare] - Argument list does not contain writepolicy, default writepolicy will be used
Jan 31 2014 22:59:49 GMT: DEBUG(7633) [put.cc:175] [prepare] - Parsing node.js Data Structures : Success
Jan 31 2014 22:59:49 GMT: DEBUG(7633) [get.cc:232] [respond] - Invoked Get callback
Jan 31 2014 22:59:49 GMT: DEBUG(7633) [get.cc:249] [respond] - Cleaned up the structures
Jan 31 2014 22:59:49 GMT: DEBUG(7633) [put.cc:211] [execute] - Invoking aerospike put with
Jan 31 2014 22:59:49 GMT: DEBUG(7633) [put.cc:239] [respond] - Put operation : response is
Jan 31 2014 22:59:49 GMT: DEBUG(7633) [conversions.cc:724] [key_to_jsobject] - key.ns = "test"
Jan 31 2014 22:59:49 GMT: DEBUG(7633) [conversions.cc:729] [key_to_jsobject] - key.set = "demo"
Jan 31 2014 22:59:49 GMT: DEBUG(7633) [conversions.cc:745] [key_to_jsobject] - key.key = "abc"
Jan 31 2014 22:59:49 GMT: TRACE(7633) [get.cc:99] [prepare] - Node.js callback registered
Jan 31 2014 22:59:49 GMT: TRACE(7633) [conversions.cc:789] [key_from_jsobject] - key.ns = "test"
Jan 31 2014 22:59:49 GMT: TRACE(7633) [conversions.cc:807] [key_from_jsobject] - key.set = "demo"
Jan 31 2014 22:59:49 GMT: TRACE(7633) [conversions.cc:823] [key_from_jsobject] - key.key = "abc"
Jan 31 2014 22:59:49 GMT: TRACE(7633) [get.cc:135] [prepare] - Argument list does not contain read policy, using default values for read policy
Jan 31 2014 22:59:49 GMT: DEBUG(7633) [put.cc:262] [respond] - Invoked Put callback
Jan 31 2014 22:59:49 GMT: DEBUG(7633) [put.cc:279] [respond] - Cleaned up record and key structures
Jan 31 2014 22:59:49 GMT: DEBUG(7633) [get.cc:178] [execute] - Invoking get with 
Jan 31 2014 22:59:49 GMT: DEBUG(7633) [get.cc:206] [respond] - Get operations' the response is
Jan 31 2014 22:59:49 GMT: TRACE(7633) [conversions.cc:340] [val_to_jsvalue] - value = 3 
Jan 31 2014 22:59:49 GMT: TRACE(7633) [conversions.cc:417] [recordmeta_to_jsobject] - TTL of the record 10
Jan 31 2014 22:59:49 GMT: TRACE(7633) [conversions.cc:419] [recordmeta_to_jsobject] - Gen of the record 3
Jan 31 2014 22:59:49 GMT: DEBUG(7633) [conversions.cc:724] [key_to_jsobject] - key.ns = "test"
Jan 31 2014 22:59:49 GMT: DEBUG(7633) [conversions.cc:729] [key_to_jsobject] - key.set = "demo"
Jan 31 2014 22:59:49 GMT: DEBUG(7633) [conversions.cc:745] [key_to_jsobject] - key.key = "abc"
Jan 31 2014 23:00:09 GMT: TRACE(7645) [put.cc:107] [prepare] - Node.js Callback Registered
Jan 31 2014 23:00:09 GMT: TRACE(7645) [conversions.cc:789] [key_from_jsobject] - key.ns = "test"
Jan 31 2014 23:00:09 GMT: TRACE(7645) [conversions.cc:807] [key_from_jsobject] - key.set = "demo"
Jan 31 2014 23:00:09 GMT: TRACE(7645) [conversions.cc:823] [key_from_jsobject] - key.key = "abc"
Jan 31 2014 23:00:09 GMT: DEBUG(7645) [put.cc:171] [prepare] - Argument list does not contain writepolicy, default writepolicy will be used
Jan 31 2014 23:00:09 GMT: DEBUG(7645) [put.cc:175] [prepare] - Parsing node.js Data Structures : Success
Jan 31 2014 23:00:09 GMT: DEBUG(7645) [get.cc:232] [respond] - Invoked Get callback
Jan 31 2014 23:00:09 GMT: DEBUG(7645) [get.cc:249] [respond] - Cleaned up the structures
Jan 31 2014 23:00:09 GMT: DEBUG(7645) [put.cc:211] [execute] - Invoking aerospike put with
Jan 31 2014 23:00:09 GMT: DEBUG(7645) [put.cc:239] [respond] - Put operation : response is
Jan 31 2014 23:00:09 GMT: DEBUG(7645) [conversions.cc:724] [key_to_jsobject] - key.ns = "test"
Jan 31 2014 23:00:09 GMT: DEBUG(7645) [conversions.cc:729] [key_to_jsobject] - key.set = "demo"
Jan 31 2014 23:00:09 GMT: DEBUG(7645) [conversions.cc:745] [key_to_jsobject] - key.key = "abc"
Jan 31 2014 23:00:09 GMT: TRACE(7645) [get.cc:99] [prepare] - Node.js callback registered
Jan 31 2014 23:00:09 GMT: TRACE(7645) [conversions.cc:789] [key_from_jsobject] - key.ns = "test"
Jan 31 2014 23:00:09 GMT: TRACE(7645) [conversions.cc:807] [key_from_jsobject] - key.set = "demo"
Jan 31 2014 23:00:09 GMT: TRACE(7645) [conversions.cc:823] [key_from_jsobject] - key.key = "abc"
Jan 31 2014 23:00:09 GMT: TRACE(7645) [get.cc:135] [prepare] - Argument list does not contain read policy, using default values for read policy
Jan 31 2014 23:00:09 GMT: DEBUG(7645) [put.cc:262] [respond] - Invoked Put callback
Jan 31 2014 23:00:09 GMT: DEBUG(7645) [put.cc:279] [respond] - Cleaned up record and key structures
Jan 31 2014 23:00:09 GMT: DEBUG(7645) [get.cc:178] [execute] - Invoking get with 
Jan 31 2014 23:00:09 GMT: DEBUG(7645) [get.cc:206] [respond] - Get operations' the response is
Jan 31 2014 23:00:09 GMT: TRACE(7645) [conversions.cc:340] [val_to_jsvalue] - value = 3 
Jan 31 2014 23:00:09 GMT: TRACE(7645) [conversions.cc:417] [recordmeta_to_jsobject] - TTL of the record 10
Jan 31 2014 23:00:09 GMT: TRACE(7645) [conversions.cc:419] [recordmeta_to_jsobject] - Gen of the record 3
Jan 31 2014 23:00:09 GMT: DEBUG(7645) [conversions.cc:724] [key_to_jsobject] - key.ns = "test"
Jan 31 2014 23:00:09 GMT: DEBUG(7645) [conversions.cc:729] [key_to_jsobject] - key.set = "demo"
Jan 31 2014 23:00:09 GMT: DEBUG(7645) [conversions.cc:745] [key_to_jsobject] - key.key = "abc"
Jan 31 2014 23:00:14 GMT: TRACE(7652) [put.cc:107] [prepare] - Node.js Callback Registered
Jan 31 2014 23:00:14 GMT: TRACE(7652) [conversions.cc:789] [key_from_jsobject] - key.ns = "test"
Jan 31 2014 23:00:14 GMT: TRACE(7652) [conversions.cc:807] [key_from_jsobject] - key.set = "demo"
Jan 31 2014 23:00:14 GMT: TRACE(7652) [conversions.cc:823] [key_from_jsobject] - key.key = "abc"
Jan 31 2014 23:00:14 GMT: DEBUG(7652) [put.cc:171] [prepare] - Argument list does not contain writepolicy, default writepolicy will be used
Jan 31 2014 23:00:14 GMT: DEBUG(7652) [put.cc:175] [prepare] - Parsing node.js Data Structures : Success
Jan 31 2014 23:00:14 GMT: DEBUG(7652) [get.cc:232] [respond] - Invoked Get callback
Jan 31 2014 23:00:14 GMT: DEBUG(7652) [get.cc:249] [respond] - Cleaned up the structures
Jan 31 2014 23:00:14 GMT: DEBUG(7652) [put.cc:211] [execute] - Invoking aerospike put with
Jan 31 2014 23:00:14 GMT: DEBUG(7652) [put.cc:239] [respond] - Put operation : response is
Jan 31 2014 23:00:14 GMT: DEBUG(7652) [conversions.cc:724] [key_to_jsobject] - key.ns = "test"
Jan 31 2014 23:00:14 GMT: DEBUG(7652) [conversions.cc:729] [key_to_jsobject] - key.set = "demo"
Jan 31 2014 23:00:14 GMT: DEBUG(7652) [conversions.cc:745] [key_to_jsobject] - key.key = "abc"
Jan 31 2014 23:00:14 GMT: TRACE(7652) [get.cc:99] [prepare] - Node.js callback registered
Jan 31 2014 23:00:14 GMT: TRACE(7652) [conversions.cc:789] [key_from_jsobject] - key.ns = "test"
Jan 31 2014 23:00:14 GMT: TRACE(7652) [conversions.cc:807] [key_from_jsobject] - key.set = "demo"
Jan 31 2014 23:00:14 GMT: TRACE(7652) [conversions.cc:823] [key_from_jsobject] - key.key = "abc"
Jan 31 2014 23:00:14 GMT: TRACE(7652) [get.cc:135] [prepare] - Argument list does not contain read policy, using default values for read policy
Jan 31 2014 23:00:14 GMT: DEBUG(7652) [get.cc:178] [execute] - Invoking get with 
Jan 31 2014 23:00:14 GMT: DEBUG(7652) [put.cc:262] [respond] - Invoked Put callback
Jan 31 2014 23:00:14 GMT: DEBUG(7652) [put.cc:279] [respond] - Cleaned up record and key structures
Jan 31 2014 23:00:14 GMT: DEBUG(7652) [get.cc:206] [respond] - Get operations' the response is
Jan 31 2014 23:00:14 GMT: TRACE(7652) [conversions.cc:340] [val_to_jsvalue] - value = 3 
Jan 31 2014 23:00:14 GMT: TRACE(7652) [conversions.cc:417] [recordmeta_to_jsobject] - TTL of the record 10
Jan 31 2014 23:00:14 GMT: TRACE(7652) [conversions.cc:419] [recordmeta_to_jsobject] - Gen of the record 7
Jan 31 2014 23:00:14 GMT: DEBUG(7652) [conversions.cc:724] [key_to_jsobject] - key.ns = "test"
Jan 31 2014 23:00:14 GMT: DEBUG(7652) [conversions.cc:729] [key_to_jsobject] - key.set = "demo"
Jan 31 2014 23:00:14 GMT: DEBUG(7652) [conversions.cc:745] [key_to_jsobject] - key.key = "abc"
Jan 31 2014 23:00:51 GMT: TRACE(7663) [put.cc:107] [prepare] - Node.js Callback Registered
Jan 31 2014 23:00:51 GMT: TRACE(7663) [conversions.cc:789] [key_from_jsobject] - key.ns = "test"
Jan 31 2014 23:00:51 GMT: TRACE(7663) [conversions.cc:807] [key_from_jsobject] - key.set = "demo"
Jan 31 2014 23:00:51 GMT: TRACE(7663) [conversions.cc:823] [key_from_jsobject] - key.key = "abc"
Jan 31 2014 23:00:51 GMT: DEBUG(7663) [put.cc:171] [prepare] - Argument list does not contain writepolicy, default writepolicy will be used
Jan 31 2014 23:00:51 GMT: DEBUG(7663) [put.cc:175] [prepare] - Parsing node.js Data Structures : Success
Jan 31 2014 23:00:51 GMT: DEBUG(7663) [get.cc:232] [respond] - Invoked Get callback
Jan 31 2014 23:00:51 GMT: DEBUG(7663) [get.cc:249] [respond] - Cleaned up the structures
Jan 31 2014 23:00:51 GMT: DEBUG(7663) [put.cc:211] [execute] - Invoking aerospike put with
Jan 31 2014 23:00:51 GMT: DEBUG(7663) [put.cc:239] [respond] - Put operation : response is
Jan 31 2014 23:00:51 GMT: DEBUG(7663) [conversions.cc:724] [key_to_jsobject] - key.ns = "test"
Jan 31 2014 23:00:51 GMT: DEBUG(7663) [conversions.cc:729] [key_to_jsobject] - key.set = "demo"
Jan 31 2014 23:00:51 GMT: DEBUG(7663) [conversions.cc:745] [key_to_jsobject] - key.key = "abc"
Jan 31 2014 23:00:51 GMT: TRACE(7663) [get.cc:99] [prepare] - Node.js callback registered
Jan 31 2014 23:00:51 GMT: TRACE(7663) [conversions.cc:789] [key_from_jsobject] - key.ns = "test"
Jan 31 2014 23:00:51 GMT: TRACE(7663) [conversions.cc:807] [key_from_jsobject] - key.set = "demo"
Jan 31 2014 23:00:51 GMT: TRACE(7663) [conversions.cc:823] [key_from_jsobject] - key.key = "abc"
Jan 31 2014 23:00:51 GMT: TRACE(7663) [get.cc:135] [prepare] - Argument list does not contain read policy, using default values for read policy
Jan 31 2014 23:00:51 GMT: DEBUG(7663) [put.cc:262] [respond] - Invoked Put callback
Jan 31 2014 23:00:51 GMT: DEBUG(7663) [put.cc:279] [respond] - Cleaned up record and key structures
Jan 31 2014 23:00:51 GMT: DEBUG(7663) [get.cc:178] [execute] - Invoking get with 
Jan 31 2014 23:00:51 GMT: DEBUG(7663) [get.cc:206] [respond] - Get operations' the response is
Jan 31 2014 23:00:51 GMT: TRACE(7663) [conversions.cc:340] [val_to_jsvalue] - value = 3 
Jan 31 2014 23:00:51 GMT: TRACE(7663) [conversions.cc:417] [recordmeta_to_jsobject] - TTL of the record 10
Jan 31 2014 23:00:51 GMT: TRACE(7663) [conversions.cc:419] [recordmeta_to_jsobject] - Gen of the record 3
Jan 31 2014 23:00:51 GMT: DEBUG(7663) [conversions.cc:724] [key_to_jsobject] - key.ns = "test"
Jan 31 2014 23:00:51 GMT: DEBUG(7663) [conversions.cc:729] [key_to_jsobject] - key.set = "demo"
Jan 31 2014 23:00:51 GMT: DEBUG(7663) [conversions.cc:745] [key_to_jsobject] - key.key = "abc"
Jan 31 2014 23:01:14 GMT: TRACE(7710) [put.cc:107] [prepare] - Node.js Callback Registered
Jan 31 2014 23:01:14 GMT: TRACE(7710) [conversions.cc:789] [key_from_jsobject] - key.ns = "test"
Jan 31 2014 23:01:14 GMT: TRACE(7710) [conversions.cc:807] [key_from_jsobject] - key.set = "demo"
Jan 31 2014 23:01:14 GMT: TRACE(7710) [conversions.cc:823] [key_from_jsobject] - key.key = "abc"
Jan 31 2014 23:01:14 GMT: DEBUG(7710) [put.cc:171] [prepare] - Argument list does not contain writepolicy, default writepolicy will be used
Jan 31 2014 23:01:14 GMT: DEBUG(7710) [put.cc:175] [prepare] - Parsing node.js Data Structures : Success
Jan 31 2014 23:01:14 GMT: DEBUG(7710) [get.cc:232] [respond] - Invoked Get callback
Jan 31 2014 23:01:14 GMT: DEBUG(7710) [get.cc:249] [respond] - Cleaned up the structures
Jan 31 2014 23:01:14 GMT: DEBUG(7710) [put.cc:211] [execute] - Invoking aerospike put with
Jan 31 2014 23:01:14 GMT: DEBUG(7710) [put.cc:239] [respond] - Put operation : response is
Jan 31 2014 23:01:14 GMT: DEBUG(7710) [conversions.cc:724] [key_to_jsobject] - key.ns = "test"
Jan 31 2014 23:01:14 GMT: DEBUG(7710) [conversions.cc:729] [key_to_jsobject] - key.set = "demo"
Jan 31 2014 23:01:14 GMT: DEBUG(7710) [conversions.cc:745] [key_to_jsobject] - key.key = "abc"
Jan 31 2014 23:01:14 GMT: TRACE(7710) [get.cc:99] [prepare] - Node.js callback registered
Jan 31 2014 23:01:14 GMT: TRACE(7710) [conversions.cc:789] [key_from_jsobject] - key.ns = "test"
Jan 31 2014 23:01:14 GMT: TRACE(7710) [conversions.cc:807] [key_from_jsobject] - key.set = "demo"
Jan 31 2014 23:01:14 GMT: TRACE(7710) [conversions.cc:823] [key_from_jsobject] - key.key = "abc"
Jan 31 2014 23:01:14 GMT: TRACE(7710) [get.cc:135] [prepare] - Argument list does not contain read policy, using default values for read policy
Jan 31 2014 23:01:14 GMT: DEBUG(7710) [put.cc:262] [respond] - Invoked Put callback
Jan 31 2014 23:01:14 GMT: DEBUG(7710) [put.cc:279] [respond] - Cleaned up record and key structures
Jan 31 2014 23:01:14 GMT: DEBUG(7710) [get.cc:178] [execute] - Invoking get with 
Jan 31 2014 23:01:14 GMT: DEBUG(7710) [get.cc:206] [respond] - Get operations' the response is
Jan 31 2014 23:01:14 GMT: TRACE(7710) [conversions.cc:340] [val_to_jsvalue] - value = 3 
Jan 31 2014 23:01:14 GMT: TRACE(7710) [conversions.cc:417] [recordmeta_to_jsobject] - TTL of the record 10
Jan 31 2014 23:01:14 GMT: TRACE(7710) [conversions.cc:419] [recordmeta_to_jsobject] - Gen of the record 3
Jan 31 2014 23:01:14 GMT: DEBUG(7710) [conversions.cc:724] [key_to_jsobject] - key.ns = "test"
Jan 31 2014 23:01:14 GMT: DEBUG(7710) [conversions.cc:729] [key_to_jsobject] - key.set = "demo"
Jan 31 2014 23:01:14 GMT: DEBUG(7710) [conversions.cc:745] [key_to_jsobject] - key.key = "abc"
Jan 31 2014 23:01:18 GMT: TRACE(7717) [put.cc:107] [prepare] - Node.js Callback Registered
Jan 31 2014 23:01:18 GMT: TRACE(7717) [conversions.cc:789] [key_from_jsobject] - key.ns = "test"
Jan 31 2014 23:01:18 GMT: TRACE(7717) [conversions.cc:807] [key_from_jsobject] - key.set = "demo"
Jan 31 2014 23:01:18 GMT: TRACE(7717) [conversions.cc:823] [key_from_jsobject] - key.key = "abc"
Jan 31 2014 23:01:18 GMT: DEBUG(7717) [put.cc:171] [prepare] - Argument list does not contain writepolicy, default writepolicy will be used
Jan 31 2014 23:01:18 GMT: DEBUG(7717) [put.cc:175] [prepare] - Parsing node.js Data Structures : Success
Jan 31 2014 23:01:18 GMT: DEBUG(7717) [get.cc:232] [respond] - Invoked Get callback
Jan 31 2014 23:01:18 GMT: DEBUG(7717) [get.cc:249] [respond] - Cleaned up the structures
Jan 31 2014 23:01:18 GMT: DEBUG(7717) [put.cc:211] [execute] - Invoking aerospike put with
Jan 31 2014 23:01:18 GMT: DEBUG(7717) [put.cc:239] [respond] - Put operation : response is
Jan 31 2014 23:01:18 GMT: DEBUG(7717) [conversions.cc:724] [key_to_jsobject] - key.ns = "test"
Jan 31 2014 23:01:18 GMT: DEBUG(7717) [conversions.cc:729] [key_to_jsobject] - key.set = "demo"
Jan 31 2014 23:01:18 GMT: DEBUG(7717) [conversions.cc:745] [key_to_jsobject] - key.key = "abc"
Jan 31 2014 23:01:18 GMT: TRACE(7717) [get.cc:99] [prepare] - Node.js callback registered
Jan 31 2014 23:01:18 GMT: TRACE(7717) [conversions.cc:789] [key_from_jsobject] - key.ns = "test"
Jan 31 2014 23:01:18 GMT: TRACE(7717) [conversions.cc:807] [key_from_jsobject] - key.set = "demo"
Jan 31 2014 23:01:18 GMT: TRACE(7717) [conversions.cc:823] [key_from_jsobject] - key.key = "abc"
Jan 31 2014 23:01:18 GMT: TRACE(7717) [get.cc:135] [prepare] - Argument list does not contain read policy, using default values for read policy
Jan 31 2014 23:01:18 GMT: DEBUG(7717) [put.cc:262] [respond] - Invoked Put callback
Jan 31 2014 23:01:18 GMT: DEBUG(7717) [put.cc:279] [respond] - Cleaned up record and key structures
Jan 31 2014 23:01:18 GMT: DEBUG(7717) [get.cc:178] [execute] - Invoking get with 
Jan 31 2014 23:01:18 GMT: DEBUG(7717) [get.cc:206] [respond] - Get operations' the response is
Jan 31 2014 23:01:18 GMT: TRACE(7717) [conversions.cc:340] [val_to_jsvalue] - value = 3 
Jan 31 2014 23:01:18 GMT: TRACE(7717) [conversions.cc:417] [recordmeta_to_jsobject] - TTL of the record 10
Jan 31 2014 23:01:18 GMT: TRACE(7717) [conversions.cc:419] [recordmeta_to_jsobject] - Gen of the record 7
Jan 31 2014 23:01:18 GMT: DEBUG(7717) [conversions.cc:724] [key_to_jsobject] - key.ns = "test"
Jan 31 2014 23:01:18 GMT: DEBUG(7717) [conversions.cc:729] [key_to_jsobject] - key.set = "demo"
Jan 31 2014 23:01:18 GMT: DEBUG(7717) [conversions.cc:745] [key_to_jsobject] - key.key = "abc"
Jan 31 2014 23:01:33 GMT: TRACE(7724) [put.cc:107] [prepare] - Node.js Callback Registered
Jan 31 2014 23:01:33 GMT: TRACE(7724) [conversions.cc:789] [key_from_jsobject] - key.ns = "test"
Jan 31 2014 23:01:33 GMT: TRACE(7724) [conversions.cc:807] [key_from_jsobject] - key.set = "demo"
Jan 31 2014 23:01:33 GMT: TRACE(7724) [conversions.cc:823] [key_from_jsobject] - key.key = "abc"
Jan 31 2014 23:01:33 GMT: DEBUG(7724) [put.cc:171] [prepare] - Argument list does not contain writepolicy, default writepolicy will be used
Jan 31 2014 23:01:33 GMT: DEBUG(7724) [put.cc:175] [prepare] - Parsing node.js Data Structures : Success
Jan 31 2014 23:01:33 GMT: DEBUG(7724) [get.cc:232] [respond] - Invoked Get callback
Jan 31 2014 23:01:33 GMT: DEBUG(7724) [get.cc:249] [respond] - Cleaned up the structures
Jan 31 2014 23:01:33 GMT: DEBUG(7724) [put.cc:211] [execute] - Invoking aerospike put with
Jan 31 2014 23:01:33 GMT: DEBUG(7724) [put.cc:239] [respond] - Put operation : response is
Jan 31 2014 23:01:33 GMT: DEBUG(7724) [conversions.cc:724] [key_to_jsobject] - key.ns = "test"
Jan 31 2014 23:01:33 GMT: DEBUG(7724) [conversions.cc:729] [key_to_jsobject] - key.set = "demo"
Jan 31 2014 23:01:33 GMT: DEBUG(7724) [conversions.cc:745] [key_to_jsobject] - key.key = "abc"
Jan 31 2014 23:01:33 GMT: TRACE(7724) [get.cc:99] [prepare] - Node.js callback registered
Jan 31 2014 23:01:33 GMT: TRACE(7724) [conversions.cc:789] [key_from_jsobject] - key.ns = "test"
Jan 31 2014 23:01:33 GMT: TRACE(7724) [conversions.cc:807] [key_from_jsobject] - key.set = "demo"
Jan 31 2014 23:01:33 GMT: TRACE(7724) [conversions.cc:823] [key_from_jsobject] - key.key = "abc"
Jan 31 2014 23:01:33 GMT: TRACE(7724) [get.cc:135] [prepare] - Argument list does not contain read policy, using default values for read policy
Jan 31 2014 23:01:33 GMT: DEBUG(7724) [put.cc:262] [respond] - Invoked Put callback
Jan 31 2014 23:01:33 GMT: DEBUG(7724) [put.cc:279] [respond] - Cleaned up record and key structures
Jan 31 2014 23:01:33 GMT: DEBUG(7724) [get.cc:178] [execute] - Invoking get with 
Jan 31 2014 23:01:33 GMT: DEBUG(7724) [get.cc:206] [respond] - Get operations' the response is
Jan 31 2014 23:01:33 GMT: TRACE(7724) [conversions.cc:340] [val_to_jsvalue] - value = 3 
Jan 31 2014 23:01:33 GMT: TRACE(7724) [conversions.cc:417] [recordmeta_to_jsobject] - TTL of the record 10
Jan 31 2014 23:01:33 GMT: TRACE(7724) [conversions.cc:419] [recordmeta_to_jsobject] - Gen of the record 3
Jan 31 2014 23:01:33 GMT: DEBUG(7724) [conversions.cc:724] [key_to_jsobject] - key.ns = "test"
Jan 31 2014 23:01:33 GMT: DEBUG(7724) [conversions.cc:729] [key_to_jsobject] - key.set = "demo"
Jan 31 2014 23:01:33 GMT: DEBUG(7724) [conversions.cc:745] [key_to_jsobject] - key.key = "abc"
Jan 31 2014 23:02:02 GMT: TRACE(7731) [put.cc:107] [prepare] - Node.js Callback Registered
Jan 31 2014 23:02:02 GMT: TRACE(7731) [conversions.cc:789] [key_from_jsobject] - key.ns = "test"
Jan 31 2014 23:02:02 GMT: TRACE(7731) [conversions.cc:807] [key_from_jsobject] - key.set = "demo"
Jan 31 2014 23:02:02 GMT: TRACE(7731) [conversions.cc:823] [key_from_jsobject] - key.key = "abc"
Jan 31 2014 23:02:02 GMT: DEBUG(7731) [put.cc:171] [prepare] - Argument list does not contain writepolicy, default writepolicy will be used
Jan 31 2014 23:02:02 GMT: DEBUG(7731) [put.cc:175] [prepare] - Parsing node.js Data Structures : Success
Jan 31 2014 23:02:02 GMT: DEBUG(7731) [get.cc:232] [respond] - Invoked Get callback
Jan 31 2014 23:02:02 GMT: DEBUG(7731) [get.cc:249] [respond] - Cleaned up the structures
Jan 31 2014 23:02:02 GMT: DEBUG(7731) [put.cc:211] [execute] - Invoking aerospike put with
Jan 31 2014 23:02:02 GMT: DEBUG(7731) [put.cc:239] [respond] - Put operation : response is
Jan 31 2014 23:02:02 GMT: DEBUG(7731) [conversions.cc:724] [key_to_jsobject] - key.ns = "test"
Jan 31 2014 23:02:02 GMT: DEBUG(7731) [conversions.cc:729] [key_to_jsobject] - key.set = "demo"
Jan 31 2014 23:02:02 GMT: DEBUG(7731) [conversions.cc:745] [key_to_jsobject] - key.key = "abc"
Jan 31 2014 23:02:02 GMT: TRACE(7731) [get.cc:99] [prepare] - Node.js callback registered
Jan 31 2014 23:02:02 GMT: TRACE(7731) [conversions.cc:789] [key_from_jsobject] - key.ns = "test"
Jan 31 2014 23:02:02 GMT: TRACE(7731) [conversions.cc:807] [key_from_jsobject] - key.set = "demo"
Jan 31 2014 23:02:02 GMT: TRACE(7731) [conversions.cc:823] [key_from_jsobject] - key.key = "abc"
Jan 31 2014 23:02:02 GMT: TRACE(7731) [get.cc:135] [prepare] - Argument list does not contain read policy, using default values for read policy
Jan 31 2014 23:02:02 GMT: DEBUG(7731) [put.cc:262] [respond] - Invoked Put callback
Jan 31 2014 23:02:02 GMT: DEBUG(7731) [put.cc:279] [respond] - Cleaned up record and key structures
Jan 31 2014 23:02:02 GMT: DEBUG(7731) [get.cc:178] [execute] - Invoking get with 
Jan 31 2014 23:02:02 GMT: DEBUG(7731) [get.cc:206] [respond] - Get operations' the response is
Jan 31 2014 23:02:02 GMT: TRACE(7731) [conversions.cc:340] [val_to_jsvalue] - value = 3 
Jan 31 2014 23:02:02 GMT: TRACE(7731) [conversions.cc:417] [recordmeta_to_jsobject] - TTL of the record 10
Jan 31 2014 23:02:02 GMT: TRACE(7731) [conversions.cc:419] [recordmeta_to_jsobject] - Gen of the record 3
Jan 31 2014 23:02:02 GMT: DEBUG(7731) [conversions.cc:724] [key_to_jsobject] - key.ns = "test"
Jan 31 2014 23:02:02 GMT: DEBUG(7731) [conversions.cc:729] [key_to_jsobject] - key.set = "demo"
Jan 31 2014 23:02:02 GMT: DEBUG(7731) [conversions.cc:745] [key_to_jsobject] - key.key = "abc"
Jan 31 2014 23:02:08 GMT: TRACE(7753) [put.cc:107] [prepare] - Node.js Callback Registered
Jan 31 2014 23:02:08 GMT: TRACE(7753) [conversions.cc:789] [key_from_jsobject] - key.ns = "test"
Jan 31 2014 23:02:08 GMT: TRACE(7753) [conversions.cc:807] [key_from_jsobject] - key.set = "demo"
Jan 31 2014 23:02:08 GMT: TRACE(7753) [conversions.cc:823] [key_from_jsobject] - key.key = "abc"
Jan 31 2014 23:02:08 GMT: DEBUG(7753) [put.cc:171] [prepare] - Argument list does not contain writepolicy, default writepolicy will be used
Jan 31 2014 23:02:08 GMT: DEBUG(7753) [put.cc:175] [prepare] - Parsing node.js Data Structures : Success
Jan 31 2014 23:02:08 GMT: DEBUG(7753) [get.cc:232] [respond] - Invoked Get callback
Jan 31 2014 23:02:08 GMT: DEBUG(7753) [get.cc:249] [respond] - Cleaned up the structures
Jan 31 2014 23:02:08 GMT: DEBUG(7753) [put.cc:211] [execute] - Invoking aerospike put with
Jan 31 2014 23:02:08 GMT: DEBUG(7753) [put.cc:239] [respond] - Put operation : response is
Jan 31 2014 23:02:08 GMT: DEBUG(7753) [conversions.cc:724] [key_to_jsobject] - key.ns = "test"
Jan 31 2014 23:02:08 GMT: DEBUG(7753) [conversions.cc:729] [key_to_jsobject] - key.set = "demo"
Jan 31 2014 23:02:08 GMT: DEBUG(7753) [conversions.cc:745] [key_to_jsobject] - key.key = "abc"
Jan 31 2014 23:02:08 GMT: TRACE(7753) [get.cc:99] [prepare] - Node.js callback registered
Jan 31 2014 23:02:08 GMT: TRACE(7753) [conversions.cc:789] [key_from_jsobject] - key.ns = "test"
Jan 31 2014 23:02:08 GMT: TRACE(7753) [conversions.cc:807] [key_from_jsobject] - key.set = "demo"
Jan 31 2014 23:02:08 GMT: TRACE(7753) [conversions.cc:823] [key_from_jsobject] - key.key = "abc"
Jan 31 2014 23:02:08 GMT: TRACE(7753) [get.cc:135] [prepare] - Argument list does not contain read policy, using default values for read policy
Jan 31 2014 23:02:08 GMT: DEBUG(7753) [put.cc:262] [respond] - Invoked Put callback
Jan 31 2014 23:02:08 GMT: DEBUG(7753) [put.cc:279] [respond] - Cleaned up record and key structures
Jan 31 2014 23:02:08 GMT: DEBUG(7753) [get.cc:178] [execute] - Invoking get with 
Jan 31 2014 23:02:08 GMT: DEBUG(7753) [get.cc:206] [respond] - Get operations' the response is
Jan 31 2014 23:02:08 GMT: TRACE(7753) [conversions.cc:340] [val_to_jsvalue] - value = 3 
Jan 31 2014 23:02:08 GMT: TRACE(7753) [conversions.cc:417] [recordmeta_to_jsobject] - TTL of the record 10
Jan 31 2014 23:02:08 GMT: TRACE(7753) [conversions.cc:419] [recordmeta_to_jsobject] - Gen of the record 7
Jan 31 2014 23:02:08 GMT: DEBUG(7753) [conversions.cc:724] [key_to_jsobject] - key.ns = "test"
Jan 31 2014 23:02:08 GMT: DEBUG(7753) [conversions.cc:729] [key_to_jsobject] - key.set = "demo"
Jan 31 2014 23:02:08 GMT: DEBUG(7753) [conversions.cc:745] [key_to_jsobject] - key.key = "abc"
Jan 31 2014 23:02:25 GMT: TRACE(7761) [put.cc:107] [prepare] - Node.js Callback Registered
Jan 31 2014 23:02:25 GMT: TRACE(7761) [conversions.cc:789] [key_from_jsobject] - key.ns = "test"
Jan 31 2014 23:02:25 GMT: TRACE(7761) [conversions.cc:807] [key_from_jsobject] - key.set = "demo"
Jan 31 2014 23:02:25 GMT: TRACE(7761) [conversions.cc:823] [key_from_jsobject] - key.key = "abc"
Jan 31 2014 23:02:25 GMT: DEBUG(7761) [put.cc:171] [prepare] - Argument list does not contain writepolicy, default writepolicy will be used
Jan 31 2014 23:02:25 GMT: DEBUG(7761) [put.cc:175] [prepare] - Parsing node.js Data Structures : Success
Jan 31 2014 23:02:25 GMT: DEBUG(7761) [get.cc:232] [respond] - Invoked Get callback
Jan 31 2014 23:02:25 GMT: DEBUG(7761) [get.cc:249] [respond] - Cleaned up the structures
Jan 31 2014 23:02:25 GMT: DEBUG(7761) [put.cc:211] [execute] - Invoking aerospike put with
Jan 31 2014 23:02:25 GMT: DEBUG(7761) [put.cc:239] [respond] - Put operation : response is
Jan 31 2014 23:02:25 GMT: DEBUG(7761) [conversions.cc:724] [key_to_jsobject] - key.ns = "test"
Jan 31 2014 23:02:25 GMT: DEBUG(7761) [conversions.cc:729] [key_to_jsobject] - key.set = "demo"
Jan 31 2014 23:02:25 GMT: DEBUG(7761) [conversions.cc:745] [key_to_jsobject] - key.key = "abc"
Jan 31 2014 23:02:25 GMT: TRACE(7761) [get.cc:99] [prepare] - Node.js callback registered
Jan 31 2014 23:02:25 GMT: TRACE(7761) [conversions.cc:789] [key_from_jsobject] - key.ns = "test"
Jan 31 2014 23:02:25 GMT: TRACE(7761) [conversions.cc:807] [key_from_jsobject] - key.set = "demo"
Jan 31 2014 23:02:25 GMT: TRACE(7761) [conversions.cc:823] [key_from_jsobject] - key.key = "abc"
Jan 31 2014 23:02:25 GMT: TRACE(7761) [get.cc:135] [prepare] - Argument list does not contain read policy, using default values for read policy
Jan 31 2014 23:02:25 GMT: DEBUG(7761) [put.cc:262] [respond] - Invoked Put callback
Jan 31 2014 23:02:25 GMT: DEBUG(7761) [put.cc:279] [respond] - Cleaned up record and key structures
Jan 31 2014 23:02:25 GMT: DEBUG(7761) [get.cc:178] [execute] - Invoking get with 
Jan 31 2014 23:02:25 GMT: DEBUG(7761) [get.cc:206] [respond] - Get operations' the response is
Jan 31 2014 23:02:25 GMT: TRACE(7761) [conversions.cc:340] [val_to_jsvalue] - value = 3 
Jan 31 2014 23:02:25 GMT: TRACE(7761) [conversions.cc:417] [recordmeta_to_jsobject] - TTL of the record 10
Jan 31 2014 23:02:25 GMT: TRACE(7761) [conversions.cc:419] [recordmeta_to_jsobject] - Gen of the record 3
Jan 31 2014 23:02:25 GMT: DEBUG(7761) [conversions.cc:724] [key_to_jsobject] - key.ns = "test"
Jan 31 2014 23:02:25 GMT: DEBUG(7761) [conversions.cc:729] [key_to_jsobject] - key.set = "demo"
Jan 31 2014 23:02:25 GMT: DEBUG(7761) [conversions.cc:745] [key_to_jsobject] - key.key = "abc"
